
distante
0 1 1 0; 
0 1 1.41421 1; 
dp
1.41421 5.99231e+307
1.41421 1.41421
1 5.99231e+307
1 1
0 :: 0 5.99231e+307 5.99231e+307; 1 0 5.99231e+307; 
1 :: 0 1.41421 1; 1 5.99231e+307 5.99231e+307; 
1.000000

distante
0 549.065 549.065 0; 2090.77 2338.63 2248.07 2452.13; 
2090.77 2248.07 2338.63 2452.13; 0 294.864 294.864 0; 
1567.21 1826.63 1360.83 1750.12; 613.007 905.797 1093.67 1388.52; 
dp
1360.83 5.99231e+307
1360.83 1360.83
1750.12 5.99231e+307
1750.12 1750.12
1093.67 5.99231e+307
1093.67 1093.67
1388.52 5.99231e+307
1388.52 1388.52
3608.9 3840.89
3608.9 3608.9
3812.96 4088.75
3812.96 3812.96
3608.9 5.99231e+307
3608.9 5.99231e+307
3812.96 5.99231e+307
3812.96 5.99231e+307
3432.3 3479.28
3432.3 3432.3
3545.81 3636.59
3545.81 3545.81
3432.3 5.99231e+307
3432.3 5.99231e+307
3545.81 5.99231e+307
3545.81 5.99231e+307
0 :: 0 5.99231e+307 5.99231e+307; 1 5.99231e+307 5.99231e+307; 2 0 5.99231e+307; 
1 :: 0 1360.83 1750.12; 1 5.99231e+307 5.99231e+307; 2 5.99231e+307 5.99231e+307; 
2 :: 0 5.99231e+307 5.99231e+307; 1 1093.67 1388.52; 2 5.99231e+307 5.99231e+307; 
3 :: 0 3432.3 3545.81; 1 3608.9 3812.96; 2 5.99231e+307 5.99231e+307; 
4425.298645
