1.41421 5.99231e+307
1.41421 1.41421
1 5.99231e+307
1 1
distante
0 1 1 0;
0 1 1.41421 1;
dp
0 :: 0 5.99231e+307 5.99231e+307; 1 0 5.99231e+307;
1 :: 0 1.41421 1; 1 5.99231e+307 5.99231e+307;
1.000000000
1361.773437500 59923104495410526931242990468434471693311377570012608978724592993481656097588250315549672659195735698776762138897629303648851849283980134210219162890501940227302967333569461225424618281939237177254825243423356618523788986540947638273286944978825097573024722814788503568114237186566502697680960059301391499264.000000000
1361.773437500 1361.773437500
1751.181518555 59923104495410526931242990468434471693311377570012608978724592993481656097588250315549672659195735698776762138897629303648851849283980134210219162890501940227302967333569461225424618281939237177254825243423356618523788986540947638273286944978825097573024722814788503568114237186566502697680960059301391499264.000000000
1751.181518555 1751.181518555
1093.876342773 59923104495410526931242990468434471693311377570012608978724592993481656097588250315549672659195735698776762138897629303648851849283980134210219162890501940227302967333569461225424618281939237177254825243423356618523788986540947638273286944978825097573024722814788503568114237186566502697680960059301391499264.000000000
1093.876342773 1093.876342773
1389.366943359 59923104495410526931242990468434471693311377570012608978724592993481656097588250315549672659195735698776762138897629303648851849283980134210219162890501940227302967333569461225424618281939237177254825243423356618523788986540947638273286944978825097573024722814788503568114237186566502697680960059301391499264.000000000
1389.366943359 1389.366943359
3610.865234375 3842.929077148
3610.865234375 3610.865234375
3815.335693359 4091.305297852
3815.335693359 3815.335693359
3610.865234375 59923104495410526931242990468434471693311377570012608978724592993481656097588250315549672659195735698776762138897629303648851849283980134210219162890501940227302967333569461225424618281939237177254825243423356618523788986540947638273286944978825097573024722814788503568114237186566502697680960059301391499264.000000000
3610.865234375 59923104495410526931242990468434471693311377570012608978724592993481656097588250315549672659195735698776762138897629303648851849283980134210219162890501940227302967333569461225424618281939237177254825243423356618523788986540947638273286944978825097573024722814788503568114237186566502697680960059301391499264.000000000
3815.335693359 59923104495410526931242990468434471693311377570012608978724592993481656097588250315549672659195735698776762138897629303648851849283980134210219162890501940227302967333569461225424618281939237177254825243423356618523788986540947638273286944978825097573024722814788503568114237186566502697680960059301391499264.000000000
3815.335693359 59923104495410526931242990468434471693311377570012608978724592993481656097588250315549672659195735698776762138897629303648851849283980134210219162890501940227302967333569461225424618281939237177254825243423356618523788986540947638273286944978825097573024722814788503568114237186566502697680960059301391499264.000000000
3434.000122070 3481.114501953
3434.000122070 3434.000122070
3547.438598633 3638.458740234
3547.438598633 3547.438598633
3434.000122070 59923104495410526931242990468434471693311377570012608978724592993481656097588250315549672659195735698776762138897629303648851849283980134210219162890501940227302967333569461225424618281939237177254825243423356618523788986540947638273286944978825097573024722814788503568114237186566502697680960059301391499264.000000000
3434.000122070 59923104495410526931242990468434471693311377570012608978724592993481656097588250315549672659195735698776762138897629303648851849283980134210219162890501940227302967333569461225424618281939237177254825243423356618523788986540947638273286944978825097573024722814788503568114237186566502697680960059301391499264.000000000
3547.438598633 59923104495410526931242990468434471693311377570012608978724592993481656097588250315549672659195735698776762138897629303648851849283980134210219162890501940227302967333569461225424618281939237177254825243423356618523788986540947638273286944978825097573024722814788503568114237186566502697680960059301391499264.000000000
3547.438598633 59923104495410526931242990468434471693311377570012608978724592993481656097588250315549672659195735698776762138897629303648851849283980134210219162890501940227302967333569461225424618281939237177254825243423356618523788986540947638273286944978825097573024722814788503568114237186566502697680960059301391499264.000000000
distante
0.000000000 549.352233887 549.352233887 0.000000000; 2091.747558594 2340.123779297 2249.091796875 2453.562255859;
2091.747558594 2249.091796875 2340.123779297 2453.562255859; 0.000000000 295.509765625 295.509765625 0.000000000;
1569.104736328 1828.566040039 1361.773437500 1751.181518555; 612.334289551 905.791442871 1093.876342773 1389.366943359;
dp
0 :: 0 59923104495410526931242990468434471693311377570012608978724592993481656097588250315549672659195735698776762138897629303648851849283980134210219162890501940227302967333569461225424618281939237177254825243423356618523788986540947638273286944978825097573024722814788503568114237186566502697680960059301391499264.000000000 59923104495410526931242990468434471693311377570012608978724592993481656097588250315549672659195735698776762138897629303648851849283980134210219162890501940227302967333569461225424618281939237177254825243423356618523788986540947638273286944978825097573024722814788503568114237186566502697680960059301391499264.000000000; 1 59923104495410526931242990468434471693311377570012608978724592993481656097588250315549672659195735698776762138897629303648851849283980134210219162890501940227302967333569461225424618281939237177254825243423356618523788986540947638273286944978825097573024722814788503568114237186566502697680960059301391499264.000000000 59923104495410526931242990468434471693311377570012608978724592993481656097588250315549672659195735698776762138897629303648851849283980134210219162890501940227302967333569461225424618281939237177254825243423356618523788986540947638273286944978825097573024722814788503568114237186566502697680960059301391499264.000000000; 2 0.000000000 59923104495410526931242990468434471693311377570012608978724592993481656097588250315549672659195735698776762138897629303648851849283980134210219162890501940227302967333569461225424618281939237177254825243423356618523788986540947638273286944978825097573024722814788503568114237186566502697680960059301391499264.000000000;
1 :: 0 1361.773437500 1751.181518555; 1 59923104495410526931242990468434471693311377570012608978724592993481656097588250315549672659195735698776762138897629303648851849283980134210219162890501940227302967333569461225424618281939237177254825243423356618523788986540947638273286944978825097573024722814788503568114237186566502697680960059301391499264.000000000 59923104495410526931242990468434471693311377570012608978724592993481656097588250315549672659195735698776762138897629303648851849283980134210219162890501940227302967333569461225424618281939237177254825243423356618523788986540947638273286944978825097573024722814788503568114237186566502697680960059301391499264.000000000; 2 59923104495410526931242990468434471693311377570012608978724592993481656097588250315549672659195735698776762138897629303648851849283980134210219162890501940227302967333569461225424618281939237177254825243423356618523788986540947638273286944978825097573024722814788503568114237186566502697680960059301391499264.000000000 59923104495410526931242990468434471693311377570012608978724592993481656097588250315549672659195735698776762138897629303648851849283980134210219162890501940227302967333569461225424618281939237177254825243423356618523788986540947638273286944978825097573024722814788503568114237186566502697680960059301391499264.000000000;
2 :: 0 59923104495410526931242990468434471693311377570012608978724592993481656097588250315549672659195735698776762138897629303648851849283980134210219162890501940227302967333569461225424618281939237177254825243423356618523788986540947638273286944978825097573024722814788503568114237186566502697680960059301391499264.000000000 59923104495410526931242990468434471693311377570012608978724592993481656097588250315549672659195735698776762138897629303648851849283980134210219162890501940227302967333569461225424618281939237177254825243423356618523788986540947638273286944978825097573024722814788503568114237186566502697680960059301391499264.000000000; 1 1093.876342773 1389.366943359; 2 59923104495410526931242990468434471693311377570012608978724592993481656097588250315549672659195735698776762138897629303648851849283980134210219162890501940227302967333569461225424618281939237177254825243423356618523788986540947638273286944978825097573024722814788503568114237186566502697680960059301391499264.000000000 59923104495410526931242990468434471693311377570012608978724592993481656097588250315549672659195735698776762138897629303648851849283980134210219162890501940227302967333569461225424618281939237177254825243423356618523788986540947638273286944978825097573024722814788503568114237186566502697680960059301391499264.000000000;
3 :: 0 3434.000122070 3547.438598633; 1 3610.865234375 3815.335693359; 2 59923104495410526931242990468434471693311377570012608978724592993481656097588250315549672659195735698776762138897629303648851849283980134210219162890501940227302967333569461225424618281939237177254825243423356618523788986540947638273286944978825097573024722814788503568114237186566502697680960059301391499264.000000000 59923104495410526931242990468434471693311377570012608978724592993481656097588250315549672659195735698776762138897629303648851849283980134210219162890501940227302967333569461225424618281939237177254825243423356618523788986540947638273286944978825097573024722814788503568114237186566502697680960059301391499264.000000000;
4427.669982910
