0 5  c: 1
0 6  c: 1
0 7  c: 1
0 8  c: 1
0 9  c: 1
0 10  c: 0
1 5  c: 1
1 6  c: 1
1 7  c: 1
1 8  c: 1
1 9  c: 1
1 10  c: 0
2 5  c: 1
2 6  c: 1
2 7  c: 1
2 8  c: 1
2 9  c: 1
2 10  c: 0
3 5  c: 1
3 6  c: 1
3 7  c: 1
3 8  c: 1
3 9  c: 1
3 10  c: 0
4 5  c: 1
4 6  c: 1
4 7  c: 1
4 8  c: 1
4 9  c: 1
4 10  c: 0
5 0  c: 0
5 1  c: 0
5 2  c: 0
5 3  c: 0
5 4  c: 0
5 11  c: 1
6 0  c: 0
6 1  c: 0
6 2  c: 0
6 3  c: 0
6 4  c: 0
6 11  c: 1
7 0  c: 0
7 1  c: 0
7 2  c: 0
7 3  c: 0
7 4  c: 0
7 11  c: 1
8 0  c: 0
8 1  c: 0
8 2  c: 0
8 3  c: 0
8 4  c: 0
8 11  c: 1
9 0  c: 0
9 1  c: 0
9 2  c: 0
9 3  c: 0
9 4  c: 0
9 11  c: 1
10 0  c: 1
10 1  c: 1
10 2  c: 1
10 3  c: 1
10 4  c: 1
11 5  c: 0
11 6  c: 0
11 7  c: 0
11 8  c: 0
11 9  c: 0
5
